<?xml version="1.0" encoding="UTF-8"?>
<testng-results ignored="0" total="1" passed="1" failed="0" skipped="0">
  <reporter-output>
  </reporter-output>
  <suite started-at="2021-10-06T15:18:47Z" name="Suite" finished-at="2021-10-06T15:19:00Z" duration-ms="12363">
    <groups>
    </groups>
    <test started-at="2021-10-06T15:18:47Z" name="Test" finished-at="2021-10-06T15:19:00Z" duration-ms="12363">
      <class name="example.example.tests.AmazonSearchTest">
        <test-method is-config="true" signature="globalSetup()[pri:0, instance:example.example.tests.AmazonSearchTest@44ebcd03]" started-at="2021-10-06T15:18:47Z" name="globalSetup" test-instance-name="Amazon Search test" finished-at="2021-10-06T15:18:47Z" duration-ms="132" status="PASS">
          <reporter-output>
          </reporter-output>
        </test-method> <!-- globalSetup -->
        <test-method is-config="true" signature="setup()[pri:0, instance:example.example.tests.AmazonSearchTest@44ebcd03]" started-at="2021-10-06T15:18:47Z" name="setup" test-instance-name="Amazon Search test" finished-at="2021-10-06T15:18:50Z" duration-ms="2755" status="PASS">
          <reporter-output>
          </reporter-output>
        </test-method> <!-- setup -->
        <test-method signature="amazonSearchTest()[pri:0, instance:example.example.tests.AmazonSearchTest@44ebcd03]" started-at="2021-10-06T15:18:50Z" name="amazonSearchTest" description="Amazon product search test" test-instance-name="Amazon Search test" finished-at="2021-10-06T15:18:58Z" duration-ms="8059" status="PASS">
          <reporter-output>
          </reporter-output>
        </test-method> <!-- amazonSearchTest -->
        <test-method is-config="true" signature="wrapUp()[pri:0, instance:example.example.tests.AmazonSearchTest@44ebcd03]" started-at="2021-10-06T15:18:59Z" name="wrapUp" test-instance-name="Amazon Search test" finished-at="2021-10-06T15:19:00Z" duration-ms="954" status="PASS">
          <reporter-output>
          </reporter-output>
        </test-method> <!-- wrapUp -->
        <test-method is-config="true" signature="wrapAllUp(org.testng.ITestContext)[pri:0, instance:example.example.tests.AmazonSearchTest@44ebcd03]" started-at="2021-10-06T15:19:00Z" name="wrapAllUp" test-instance-name="Amazon Search test" finished-at="2021-10-06T15:19:00Z" duration-ms="3" status="PASS">
          <params>
            <param index="0">
              <value>
                <![CDATA[org.testng.TestRunner@1b45c0e]]>
              </value>
            </param>
          </params>
          <reporter-output>
          </reporter-output>
        </test-method> <!-- wrapAllUp -->
      </class> <!-- example.example.tests.AmazonSearchTest -->
    </test> <!-- Test -->
  </suite> <!-- Suite -->
</testng-results>
